{"/home/daniel/Documentos/Algoritimos/Node/desafio-api-node/drizzle.config.ts": {"path":"/home/daniel/Documentos/Algoritimos/Node/desafio-api-node/drizzle.config.ts","statementMap":{"0":{"start":{"line":3,"column":0},"end":{"line":5,"column":null}},"1":{"start":{"line":4,"column":4},"end":{"line":4,"column":null}}},"fnMap":{},"branchMap":{"0":{"loc":{"start":{"line":3,"column":0},"end":{"line":5,"column":null}},"type":"if","locations":[{"start":{"line":3,"column":0},"end":{"line":5,"column":null}},{"start":{},"end":{}}]}},"s":{"0":0,"1":0},"f":{},"b":{"0":[0,0]}}
,"/home/daniel/Documentos/Algoritimos/Node/desafio-api-node/src/app.ts": {"path":"/home/daniel/Documentos/Algoritimos/Node/desafio-api-node/src/app.ts","statementMap":{"0":{"start":{"line":18,"column":15},"end":{"line":28,"column":null}},"1":{"start":{"line":30,"column":0},"end":{"line":44,"column":null}},"2":{"start":{"line":31,"column":1},"end":{"line":39,"column":null}},"3":{"start":{"line":41,"column":1},"end":{"line":43,"column":null}},"4":{"start":{"line":46,"column":0},"end":{"line":46,"column":null}},"5":{"start":{"line":47,"column":0},"end":{"line":47,"column":null}},"6":{"start":{"line":50,"column":0},"end":{"line":50,"column":null}},"7":{"start":{"line":51,"column":0},"end":{"line":51,"column":null}},"8":{"start":{"line":52,"column":0},"end":{"line":52,"column":null}},"9":{"start":{"line":53,"column":0},"end":{"line":53,"column":null}}},"fnMap":{},"branchMap":{"0":{"loc":{"start":{"line":30,"column":0},"end":{"line":44,"column":null}},"type":"if","locations":[{"start":{"line":30,"column":0},"end":{"line":44,"column":null}},{"start":{},"end":{}}]}},"s":{"0":4,"1":4,"2":0,"3":0,"4":4,"5":4,"6":4,"7":4,"8":4,"9":4},"f":{},"b":{"0":[0,4]}}
,"/home/daniel/Documentos/Algoritimos/Node/desafio-api-node/src/server.ts": {"path":"/home/daniel/Documentos/Algoritimos/Node/desafio-api-node/src/server.ts","statementMap":{"0":{"start":{"line":4,"column":0},"end":{"line":6,"column":null}},"1":{"start":{"line":5,"column":2},"end":{"line":5,"column":null}}},"fnMap":{"0":{"name":"(anonymous_0)","decl":{"start":{"line":4,"column":35},"end":{"line":4,"column":41}},"loc":{"start":{"line":4,"column":41},"end":{"line":6,"column":1}}}},"branchMap":{},"s":{"0":0,"1":0},"f":{"0":0},"b":{}}
,"/home/daniel/Documentos/Algoritimos/Node/desafio-api-node/src/database/client.ts": {"path":"/home/daniel/Documentos/Algoritimos/Node/desafio-api-node/src/database/client.ts","statementMap":{"0":{"start":{"line":3,"column":18},"end":{"line":5,"column":null}}},"fnMap":{},"branchMap":{},"s":{"0":4},"f":{},"b":{}}
,"/home/daniel/Documentos/Algoritimos/Node/desafio-api-node/src/database/schema.ts": {"path":"/home/daniel/Documentos/Algoritimos/Node/desafio-api-node/src/database/schema.ts","statementMap":{"0":{"start":{"line":3,"column":24},"end":{"line":6,"column":null}},"1":{"start":{"line":8,"column":21},"end":{"line":14,"column":null}},"2":{"start":{"line":16,"column":23},"end":{"line":20,"column":null}},"3":{"start":{"line":22,"column":27},"end":{"line":29,"column":null}},"4":{"start":{"line":24,"column":46},"end":{"line":24,"column":54}},"5":{"start":{"line":25,"column":48},"end":{"line":25,"column":58}},"6":{"start":{"line":27,"column":12},"end":{"line":29,"column":1}}},"fnMap":{"0":{"name":"(anonymous_0)","decl":{"start":{"line":24,"column":40},"end":{"line":24,"column":46}},"loc":{"start":{"line":24,"column":46},"end":{"line":24,"column":54}}},"1":{"name":"(anonymous_1)","decl":{"start":{"line":25,"column":42},"end":{"line":25,"column":48}},"loc":{"start":{"line":25,"column":48},"end":{"line":25,"column":58}}},"2":{"name":"(anonymous_2)","decl":{"start":{"line":27,"column":3},"end":{"line":27,"column":12}},"loc":{"start":{"line":27,"column":12},"end":{"line":29,"column":1}}}},"branchMap":{},"s":{"0":4,"1":4,"2":4,"3":4,"4":0,"5":0,"6":0},"f":{"0":0,"1":0,"2":0},"b":{}}
,"/home/daniel/Documentos/Algoritimos/Node/desafio-api-node/src/database/seed.ts": {"path":"/home/daniel/Documentos/Algoritimos/Node/desafio-api-node/src/database/seed.ts","statementMap":{"0":{"start":{"line":7,"column":22},"end":{"line":7,"column":null}},"1":{"start":{"line":9,"column":21},"end":{"line":28,"column":null}},"2":{"start":{"line":30,"column":23},"end":{"line":33,"column":null}},"3":{"start":{"line":35,"column":1},"end":{"line":39,"column":null}},"4":{"start":{"line":42,"column":0},"end":{"line":42,"column":null}}},"fnMap":{"0":{"name":"seed","decl":{"start":{"line":6,"column":15},"end":{"line":6,"column":22}},"loc":{"start":{"line":6,"column":22},"end":{"line":40,"column":null}}}},"branchMap":{},"s":{"0":0,"1":0,"2":0,"3":0,"4":0},"f":{"0":0},"b":{}}
,"/home/daniel/Documentos/Algoritimos/Node/desafio-api-node/src/factories/make-course.ts": {"path":"/home/daniel/Documentos/Algoritimos/Node/desafio-api-node/src/factories/make-course.ts","statementMap":{"0":{"start":{"line":6,"column":19},"end":{"line":8,"column":null}},"1":{"start":{"line":10,"column":4},"end":{"line":10,"column":null}}},"fnMap":{"0":{"name":"makeCourse","decl":{"start":{"line":5,"column":22},"end":{"line":5,"column":33}},"loc":{"start":{"line":5,"column":49},"end":{"line":11,"column":null}}}},"branchMap":{"0":{"loc":{"start":{"line":7,"column":15},"end":{"line":7,"column":null}},"type":"binary-expr","locations":[{"start":{"line":7,"column":15},"end":{"line":7,"column":24}},{"start":{"line":7,"column":24},"end":{"line":7,"column":null}}]}},"s":{"0":2,"1":2},"f":{"0":2},"b":{"0":[2,1]}}
,"/home/daniel/Documentos/Algoritimos/Node/desafio-api-node/src/factories/make-user.ts": {"path":"/home/daniel/Documentos/Algoritimos/Node/desafio-api-node/src/factories/make-user.ts","statementMap":{"0":{"start":{"line":9,"column":29},"end":{"line":9,"column":null}},"1":{"start":{"line":11,"column":17},"end":{"line":16,"column":null}},"2":{"start":{"line":18,"column":2},"end":{"line":21,"column":null}},"3":{"start":{"line":25,"column":19},"end":{"line":25,"column":null}},"4":{"start":{"line":27,"column":2},"end":{"line":29,"column":null}},"5":{"start":{"line":28,"column":4},"end":{"line":28,"column":null}},"6":{"start":{"line":31,"column":16},"end":{"line":31,"column":null}},"7":{"start":{"line":33,"column":2},"end":{"line":33,"column":null}}},"fnMap":{"0":{"name":"makeUser","decl":{"start":{"line":8,"column":22},"end":{"line":8,"column":31}},"loc":{"start":{"line":8,"column":61},"end":{"line":22,"column":null}}},"1":{"name":"makeAuthenticatedUser","decl":{"start":{"line":24,"column":22},"end":{"line":24,"column":44}},"loc":{"start":{"line":24,"column":73},"end":{"line":34,"column":null}}}},"branchMap":{"0":{"loc":{"start":{"line":27,"column":2},"end":{"line":29,"column":null}},"type":"if","locations":[{"start":{"line":27,"column":2},"end":{"line":29,"column":null}},{"start":{},"end":{}}]}},"s":{"0":5,"1":5,"2":5,"3":4,"4":4,"5":0,"6":4,"7":4},"f":{"0":5,"1":4},"b":{"0":[0,4]}}
,"/home/daniel/Documentos/Algoritimos/Node/desafio-api-node/src/routes/create-course.ts": {"path":"/home/daniel/Documentos/Algoritimos/Node/desafio-api-node/src/routes/create-course.ts","statementMap":{"0":{"start":{"line":8,"column":57},"end":{"line":37,"column":null}},"1":{"start":{"line":9,"column":1},"end":{"line":36,"column":null}},"2":{"start":{"line":26,"column":22},"end":{"line":26,"column":null}},"3":{"start":{"line":28,"column":17},"end":{"line":33,"column":null}},"4":{"start":{"line":35,"column":2},"end":{"line":35,"column":null}}},"fnMap":{"0":{"name":"(anonymous_0)","decl":{"start":{"line":8,"column":57},"end":{"line":8,"column":64}},"loc":{"start":{"line":8,"column":75},"end":{"line":37,"column":null}}},"1":{"name":"(anonymous_1)","decl":{"start":{"line":24,"column":4},"end":{"line":24,"column":11}},"loc":{"start":{"line":24,"column":30},"end":{"line":36,"column":2}}}},"branchMap":{},"s":{"0":4,"1":4,"2":1,"3":1,"4":1},"f":{"0":4,"1":1},"b":{}}
,"/home/daniel/Documentos/Algoritimos/Node/desafio-api-node/src/routes/get-course-by-id.ts": {"path":"/home/daniel/Documentos/Algoritimos/Node/desafio-api-node/src/routes/get-course-by-id.ts","statementMap":{"0":{"start":{"line":9,"column":57},"end":{"line":46,"column":null}},"1":{"start":{"line":10,"column":2},"end":{"line":45,"column":null}},"2":{"start":{"line":33,"column":17},"end":{"line":33,"column":null}},"3":{"start":{"line":35,"column":21},"end":{"line":35,"column":null}},"4":{"start":{"line":37,"column":19},"end":{"line":38,"column":null}},"5":{"start":{"line":40,"column":4},"end":{"line":42,"column":null}},"6":{"start":{"line":41,"column":6},"end":{"line":41,"column":null}},"7":{"start":{"line":44,"column":4},"end":{"line":44,"column":null}}},"fnMap":{"0":{"name":"(anonymous_0)","decl":{"start":{"line":9,"column":57},"end":{"line":9,"column":64}},"loc":{"start":{"line":9,"column":75},"end":{"line":46,"column":null}}},"1":{"name":"(anonymous_1)","decl":{"start":{"line":31,"column":5},"end":{"line":31,"column":12}},"loc":{"start":{"line":31,"column":31},"end":{"line":45,"column":3}}}},"branchMap":{"0":{"loc":{"start":{"line":40,"column":4},"end":{"line":42,"column":null}},"type":"if","locations":[{"start":{"line":40,"column":4},"end":{"line":42,"column":null}},{"start":{},"end":{}}]}},"s":{"0":4,"1":4,"2":2,"3":2,"4":2,"5":2,"6":1,"7":1},"f":{"0":4,"1":2},"b":{"0":[1,1]}}
,"/home/daniel/Documentos/Algoritimos/Node/desafio-api-node/src/routes/get-courses.ts": {"path":"/home/daniel/Documentos/Algoritimos/Node/desafio-api-node/src/routes/get-courses.ts","statementMap":{"0":{"start":{"line":9,"column":54},"end":{"line":68,"column":null}},"1":{"start":{"line":10,"column":2},"end":{"line":67,"column":null}},"2":{"start":{"line":37,"column":38},"end":{"line":37,"column":null}},"3":{"start":{"line":39,"column":42},"end":{"line":39,"column":null}},"4":{"start":{"line":41,"column":4},"end":{"line":44,"column":null}},"5":{"start":{"line":42,"column":6},"end":{"line":42,"column":null}},"6":{"start":{"line":46,"column":28},"end":{"line":62,"column":null}},"7":{"start":{"line":66,"column":4},"end":{"line":66,"column":null}}},"fnMap":{"0":{"name":"(anonymous_0)","decl":{"start":{"line":9,"column":54},"end":{"line":9,"column":61}},"loc":{"start":{"line":9,"column":72},"end":{"line":68,"column":null}}},"1":{"name":"(anonymous_1)","decl":{"start":{"line":36,"column":5},"end":{"line":36,"column":12}},"loc":{"start":{"line":36,"column":31},"end":{"line":67,"column":3}}}},"branchMap":{"0":{"loc":{"start":{"line":41,"column":4},"end":{"line":44,"column":null}},"type":"if","locations":[{"start":{"line":41,"column":4},"end":{"line":44,"column":null}},{"start":{},"end":{}}]}},"s":{"0":4,"1":4,"2":1,"3":1,"4":1,"5":1,"6":1,"7":1},"f":{"0":4,"1":1},"b":{"0":[1,0]}}
,"/home/daniel/Documentos/Algoritimos/Node/desafio-api-node/src/routes/login.ts": {"path":"/home/daniel/Documentos/Algoritimos/Node/desafio-api-node/src/routes/login.ts","statementMap":{"0":{"start":{"line":9,"column":49},"end":{"line":51,"column":null}},"1":{"start":{"line":10,"column":2},"end":{"line":50,"column":null}},"2":{"start":{"line":24,"column":32},"end":{"line":24,"column":null}},"3":{"start":{"line":26,"column":19},"end":{"line":29,"column":null}},"4":{"start":{"line":31,"column":4},"end":{"line":33,"column":null}},"5":{"start":{"line":32,"column":6},"end":{"line":32,"column":null}},"6":{"start":{"line":35,"column":17},"end":{"line":35,"column":null}},"7":{"start":{"line":37,"column":31},"end":{"line":37,"column":null}},"8":{"start":{"line":39,"column":4},"end":{"line":41,"column":null}},"9":{"start":{"line":40,"column":6},"end":{"line":40,"column":null}},"10":{"start":{"line":43,"column":4},"end":{"line":45,"column":null}},"11":{"start":{"line":44,"column":6},"end":{"line":44,"column":null}},"12":{"start":{"line":47,"column":18},"end":{"line":47,"column":null}},"13":{"start":{"line":49,"column":4},"end":{"line":49,"column":null}}},"fnMap":{"0":{"name":"(anonymous_0)","decl":{"start":{"line":9,"column":49},"end":{"line":9,"column":56}},"loc":{"start":{"line":9,"column":67},"end":{"line":51,"column":null}}},"1":{"name":"(anonymous_1)","decl":{"start":{"line":23,"column":5},"end":{"line":23,"column":12}},"loc":{"start":{"line":23,"column":31},"end":{"line":50,"column":3}}}},"branchMap":{"0":{"loc":{"start":{"line":31,"column":4},"end":{"line":33,"column":null}},"type":"if","locations":[{"start":{"line":31,"column":4},"end":{"line":33,"column":null}},{"start":{},"end":{}}]},"1":{"loc":{"start":{"line":39,"column":4},"end":{"line":41,"column":null}},"type":"if","locations":[{"start":{"line":39,"column":4},"end":{"line":41,"column":null}},{"start":{},"end":{}}]},"2":{"loc":{"start":{"line":43,"column":4},"end":{"line":45,"column":null}},"type":"if","locations":[{"start":{"line":43,"column":4},"end":{"line":45,"column":null}},{"start":{},"end":{}}]}},"s":{"0":4,"1":4,"2":1,"3":1,"4":1,"5":0,"6":1,"7":1,"8":1,"9":0,"10":1,"11":0,"12":1,"13":1},"f":{"0":4,"1":1},"b":{"0":[0,1],"1":[0,1],"2":[0,1]}}
,"/home/daniel/Documentos/Algoritimos/Node/desafio-api-node/src/routes/hooks/check-request-jwt.ts": {"path":"/home/daniel/Documentos/Algoritimos/Node/desafio-api-node/src/routes/hooks/check-request-jwt.ts","statementMap":{"0":{"start":{"line":10,"column":16},"end":{"line":10,"column":null}},"1":{"start":{"line":12,"column":2},"end":{"line":14,"column":null}},"2":{"start":{"line":13,"column":4},"end":{"line":13,"column":null}},"3":{"start":{"line":16,"column":2},"end":{"line":18,"column":null}},"4":{"start":{"line":17,"column":4},"end":{"line":17,"column":null}},"5":{"start":{"line":20,"column":2},"end":{"line":26,"column":null}},"6":{"start":{"line":21,"column":20},"end":{"line":21,"column":null}},"7":{"start":{"line":23,"column":4},"end":{"line":23,"column":null}},"8":{"start":{"line":25,"column":4},"end":{"line":25,"column":null}}},"fnMap":{"0":{"name":"checkRequestJWT","decl":{"start":{"line":9,"column":22},"end":{"line":9,"column":38}},"loc":{"start":{"line":9,"column":84},"end":{"line":27,"column":null}}}},"branchMap":{"0":{"loc":{"start":{"line":12,"column":2},"end":{"line":14,"column":null}},"type":"if","locations":[{"start":{"line":12,"column":2},"end":{"line":14,"column":null}},{"start":{},"end":{}}]},"1":{"loc":{"start":{"line":16,"column":2},"end":{"line":18,"column":null}},"type":"if","locations":[{"start":{"line":16,"column":2},"end":{"line":18,"column":null}},{"start":{},"end":{}}]}},"s":{"0":4,"1":4,"2":0,"3":4,"4":0,"5":4,"6":4,"7":4,"8":0},"f":{"0":4},"b":{"0":[0,4],"1":[0,4]}}
,"/home/daniel/Documentos/Algoritimos/Node/desafio-api-node/src/routes/hooks/check-user-role.ts": {"path":"/home/daniel/Documentos/Algoritimos/Node/desafio-api-node/src/routes/hooks/check-user-role.ts","statementMap":{"0":{"start":{"line":6,"column":2},"end":{"line":12,"column":null}},"1":{"start":{"line":7,"column":17},"end":{"line":7,"column":null}},"2":{"start":{"line":9,"column":4},"end":{"line":11,"column":null}},"3":{"start":{"line":10,"column":6},"end":{"line":10,"column":null}}},"fnMap":{"0":{"name":"checkUserRole","decl":{"start":{"line":5,"column":16},"end":{"line":5,"column":30}},"loc":{"start":{"line":5,"column":59},"end":{"line":13,"column":null}}},"1":{"name":"(anonymous_1)","decl":{"start":{"line":6,"column":9},"end":{"line":6,"column":25}},"loc":{"start":{"line":6,"column":71},"end":{"line":12,"column":null}}}},"branchMap":{"0":{"loc":{"start":{"line":9,"column":4},"end":{"line":11,"column":null}},"type":"if","locations":[{"start":{"line":9,"column":4},"end":{"line":11,"column":null}},{"start":{},"end":{}}]}},"s":{"0":8,"1":2,"2":2,"3":0},"f":{"0":8,"1":2},"b":{"0":[0,2]}}
,"/home/daniel/Documentos/Algoritimos/Node/desafio-api-node/src/utils/get-authenticated-user-from-request.ts": {"path":"/home/daniel/Documentos/Algoritimos/Node/desafio-api-node/src/utils/get-authenticated-user-from-request.ts","statementMap":{"0":{"start":{"line":4,"column":15},"end":{"line":4,"column":null}},"1":{"start":{"line":6,"column":2},"end":{"line":8,"column":null}},"2":{"start":{"line":7,"column":4},"end":{"line":7,"column":null}},"3":{"start":{"line":10,"column":2},"end":{"line":10,"column":null}}},"fnMap":{"0":{"name":"getAuthenticatedUserFromRequest","decl":{"start":{"line":3,"column":16},"end":{"line":3,"column":48}},"loc":{"start":{"line":3,"column":73},"end":{"line":11,"column":null}}}},"branchMap":{"0":{"loc":{"start":{"line":6,"column":2},"end":{"line":8,"column":null}},"type":"if","locations":[{"start":{"line":6,"column":2},"end":{"line":8,"column":null}},{"start":{},"end":{}}]}},"s":{"0":4,"1":4,"2":0,"3":4},"f":{"0":4},"b":{"0":[0,4]}}
}
