{"/home/daniel/Documentos/Algoritimos/Node/desafio-api-node/drizzle.config.ts": {"path":"/home/daniel/Documentos/Algoritimos/Node/desafio-api-node/drizzle.config.ts","statementMap":{"0":{"start":{"line":3,"column":0},"end":{"line":5,"column":null}},"1":{"start":{"line":4,"column":4},"end":{"line":4,"column":null}}},"fnMap":{},"branchMap":{"0":{"loc":{"start":{"line":3,"column":0},"end":{"line":5,"column":null}},"type":"if","locations":[{"start":{"line":3,"column":0},"end":{"line":5,"column":null}},{"start":{},"end":{}}]}},"s":{"0":0,"1":0},"f":{},"b":{"0":[0,0]}}
,"/home/daniel/Documentos/Algoritimos/Node/desafio-api-node/src/app.ts": {"path":"/home/daniel/Documentos/Algoritimos/Node/desafio-api-node/src/app.ts","statementMap":{"0":{"start":{"line":17,"column":15},"end":{"line":27,"column":null}},"1":{"start":{"line":29,"column":0},"end":{"line":43,"column":null}},"2":{"start":{"line":30,"column":1},"end":{"line":38,"column":null}},"3":{"start":{"line":40,"column":1},"end":{"line":42,"column":null}},"4":{"start":{"line":45,"column":0},"end":{"line":45,"column":null}},"5":{"start":{"line":46,"column":0},"end":{"line":46,"column":null}},"6":{"start":{"line":50,"column":0},"end":{"line":50,"column":null}},"7":{"start":{"line":51,"column":0},"end":{"line":51,"column":null}},"8":{"start":{"line":52,"column":0},"end":{"line":52,"column":null}}},"fnMap":{},"branchMap":{"0":{"loc":{"start":{"line":29,"column":0},"end":{"line":43,"column":null}},"type":"if","locations":[{"start":{"line":29,"column":0},"end":{"line":43,"column":null}},{"start":{},"end":{}}]}},"s":{"0":3,"1":3,"2":0,"3":0,"4":3,"5":3,"6":3,"7":3,"8":3},"f":{},"b":{"0":[0,3]}}
,"/home/daniel/Documentos/Algoritimos/Node/desafio-api-node/src/server.ts": {"path":"/home/daniel/Documentos/Algoritimos/Node/desafio-api-node/src/server.ts","statementMap":{"0":{"start":{"line":4,"column":0},"end":{"line":6,"column":null}},"1":{"start":{"line":5,"column":2},"end":{"line":5,"column":null}}},"fnMap":{"0":{"name":"(anonymous_0)","decl":{"start":{"line":4,"column":35},"end":{"line":4,"column":41}},"loc":{"start":{"line":4,"column":41},"end":{"line":6,"column":1}}}},"branchMap":{},"s":{"0":0,"1":0},"f":{"0":0},"b":{}}
,"/home/daniel/Documentos/Algoritimos/Node/desafio-api-node/src/database/client.ts": {"path":"/home/daniel/Documentos/Algoritimos/Node/desafio-api-node/src/database/client.ts","statementMap":{"0":{"start":{"line":3,"column":18},"end":{"line":5,"column":null}}},"fnMap":{},"branchMap":{},"s":{"0":3},"f":{},"b":{}}
,"/home/daniel/Documentos/Algoritimos/Node/desafio-api-node/src/database/schema.ts": {"path":"/home/daniel/Documentos/Algoritimos/Node/desafio-api-node/src/database/schema.ts","statementMap":{"0":{"start":{"line":3,"column":21},"end":{"line":7,"column":null}},"1":{"start":{"line":9,"column":23},"end":{"line":13,"column":null}},"2":{"start":{"line":15,"column":27},"end":{"line":22,"column":null}},"3":{"start":{"line":17,"column":46},"end":{"line":17,"column":54}},"4":{"start":{"line":18,"column":48},"end":{"line":18,"column":58}},"5":{"start":{"line":20,"column":12},"end":{"line":22,"column":1}}},"fnMap":{"0":{"name":"(anonymous_0)","decl":{"start":{"line":17,"column":40},"end":{"line":17,"column":46}},"loc":{"start":{"line":17,"column":46},"end":{"line":17,"column":54}}},"1":{"name":"(anonymous_1)","decl":{"start":{"line":18,"column":42},"end":{"line":18,"column":48}},"loc":{"start":{"line":18,"column":48},"end":{"line":18,"column":58}}},"2":{"name":"(anonymous_2)","decl":{"start":{"line":20,"column":3},"end":{"line":20,"column":12}},"loc":{"start":{"line":20,"column":12},"end":{"line":22,"column":1}}}},"branchMap":{},"s":{"0":3,"1":3,"2":3,"3":0,"4":0,"5":0},"f":{"0":0,"1":0,"2":0},"b":{}}
,"/home/daniel/Documentos/Algoritimos/Node/desafio-api-node/src/database/seed.ts": {"path":"/home/daniel/Documentos/Algoritimos/Node/desafio-api-node/src/database/seed.ts","statementMap":{"0":{"start":{"line":6,"column":21},"end":{"line":10,"column":null}},"1":{"start":{"line":12,"column":23},"end":{"line":15,"column":null}},"2":{"start":{"line":17,"column":1},"end":{"line":21,"column":null}},"3":{"start":{"line":24,"column":0},"end":{"line":24,"column":null}}},"fnMap":{"0":{"name":"seed","decl":{"start":{"line":5,"column":15},"end":{"line":5,"column":22}},"loc":{"start":{"line":5,"column":22},"end":{"line":22,"column":null}}}},"branchMap":{},"s":{"0":0,"1":0,"2":0,"3":0},"f":{"0":0},"b":{}}
,"/home/daniel/Documentos/Algoritimos/Node/desafio-api-node/src/factories/make-course.ts": {"path":"/home/daniel/Documentos/Algoritimos/Node/desafio-api-node/src/factories/make-course.ts","statementMap":{"0":{"start":{"line":6,"column":19},"end":{"line":8,"column":null}},"1":{"start":{"line":10,"column":4},"end":{"line":10,"column":null}}},"fnMap":{"0":{"name":"makeCourse","decl":{"start":{"line":5,"column":22},"end":{"line":5,"column":33}},"loc":{"start":{"line":5,"column":49},"end":{"line":11,"column":null}}}},"branchMap":{"0":{"loc":{"start":{"line":7,"column":15},"end":{"line":7,"column":null}},"type":"binary-expr","locations":[{"start":{"line":7,"column":15},"end":{"line":7,"column":24}},{"start":{"line":7,"column":24},"end":{"line":7,"column":null}}]}},"s":{"0":2,"1":2},"f":{"0":2},"b":{"0":[2,1]}}
,"/home/daniel/Documentos/Algoritimos/Node/desafio-api-node/src/routes/create-course.ts": {"path":"/home/daniel/Documentos/Algoritimos/Node/desafio-api-node/src/routes/create-course.ts","statementMap":{"0":{"start":{"line":6,"column":57},"end":{"line":31,"column":null}},"1":{"start":{"line":7,"column":1},"end":{"line":30,"column":null}},"2":{"start":{"line":20,"column":22},"end":{"line":20,"column":null}},"3":{"start":{"line":22,"column":17},"end":{"line":27,"column":null}},"4":{"start":{"line":29,"column":2},"end":{"line":29,"column":null}}},"fnMap":{"0":{"name":"(anonymous_0)","decl":{"start":{"line":6,"column":57},"end":{"line":6,"column":64}},"loc":{"start":{"line":6,"column":75},"end":{"line":31,"column":null}}},"1":{"name":"(anonymous_1)","decl":{"start":{"line":18,"column":4},"end":{"line":18,"column":11}},"loc":{"start":{"line":18,"column":30},"end":{"line":30,"column":2}}}},"branchMap":{},"s":{"0":3,"1":3,"2":1,"3":1,"4":1},"f":{"0":3,"1":1},"b":{}}
,"/home/daniel/Documentos/Algoritimos/Node/desafio-api-node/src/routes/get-course-by-id.ts": {"path":"/home/daniel/Documentos/Algoritimos/Node/desafio-api-node/src/routes/get-course-by-id.ts","statementMap":{"0":{"start":{"line":7,"column":57},"end":{"line":39,"column":null}},"1":{"start":{"line":8,"column":2},"end":{"line":38,"column":null}},"2":{"start":{"line":28,"column":21},"end":{"line":28,"column":null}},"3":{"start":{"line":30,"column":19},"end":{"line":31,"column":null}},"4":{"start":{"line":33,"column":4},"end":{"line":35,"column":null}},"5":{"start":{"line":34,"column":6},"end":{"line":34,"column":null}},"6":{"start":{"line":37,"column":4},"end":{"line":37,"column":null}}},"fnMap":{"0":{"name":"(anonymous_0)","decl":{"start":{"line":7,"column":57},"end":{"line":7,"column":64}},"loc":{"start":{"line":7,"column":75},"end":{"line":39,"column":null}}},"1":{"name":"(anonymous_1)","decl":{"start":{"line":26,"column":5},"end":{"line":26,"column":12}},"loc":{"start":{"line":26,"column":31},"end":{"line":38,"column":3}}}},"branchMap":{"0":{"loc":{"start":{"line":33,"column":4},"end":{"line":35,"column":null}},"type":"if","locations":[{"start":{"line":33,"column":4},"end":{"line":35,"column":null}},{"start":{},"end":{}}]}},"s":{"0":3,"1":3,"2":2,"3":2,"4":2,"5":1,"6":1},"f":{"0":3,"1":2},"b":{"0":[1,1]}}
,"/home/daniel/Documentos/Algoritimos/Node/desafio-api-node/src/routes/get-courses.ts": {"path":"/home/daniel/Documentos/Algoritimos/Node/desafio-api-node/src/routes/get-courses.ts","statementMap":{"0":{"start":{"line":7,"column":54},"end":{"line":62,"column":null}},"1":{"start":{"line":8,"column":2},"end":{"line":61,"column":null}},"2":{"start":{"line":31,"column":38},"end":{"line":31,"column":null}},"3":{"start":{"line":33,"column":42},"end":{"line":33,"column":null}},"4":{"start":{"line":35,"column":4},"end":{"line":38,"column":null}},"5":{"start":{"line":36,"column":6},"end":{"line":36,"column":null}},"6":{"start":{"line":40,"column":28},"end":{"line":56,"column":null}},"7":{"start":{"line":60,"column":4},"end":{"line":60,"column":null}}},"fnMap":{"0":{"name":"(anonymous_0)","decl":{"start":{"line":7,"column":54},"end":{"line":7,"column":61}},"loc":{"start":{"line":7,"column":72},"end":{"line":62,"column":null}}},"1":{"name":"(anonymous_1)","decl":{"start":{"line":30,"column":5},"end":{"line":30,"column":12}},"loc":{"start":{"line":30,"column":31},"end":{"line":61,"column":3}}}},"branchMap":{"0":{"loc":{"start":{"line":35,"column":4},"end":{"line":38,"column":null}},"type":"if","locations":[{"start":{"line":35,"column":4},"end":{"line":38,"column":null}},{"start":{},"end":{}}]}},"s":{"0":3,"1":3,"2":1,"3":1,"4":1,"5":1,"6":1,"7":1},"f":{"0":3,"1":1},"b":{"0":[1,0]}}
}
